<?xml version="1.0" encoding="UTF-8"?>
<testng-results ignored="0" total="2" passed="2" failed="0" skipped="0">
  <reporter-output>
  </reporter-output>
  <suite started-at="2022-03-20T12:59:47 IST" name="Default suite" finished-at="2022-03-20T12:59:54 IST" duration-ms="7342">
    <groups>
    </groups>
    <test started-at="2022-03-20T12:59:47 IST" name="Default test" finished-at="2022-03-20T12:59:54 IST" duration-ms="7342">
      <class name="testcases.LoginTest">
        <test-method is-config="true" signature="DataSetUP()[pri:0, instance:testcases.LoginTest@6e0f5f7f]" started-at="2022-03-20T12:59:47 IST" name="DataSetUP" finished-at="2022-03-20T12:59:47 IST" duration-ms="234" status="PASS">
          <reporter-output>
          </reporter-output>
        </test-method> <!-- DataSetUP -->
        <test-method is-config="true" signature="setup(java.lang.reflect.Method)[pri:0, instance:testcases.LoginTest@6e0f5f7f]" started-at="2022-03-20T12:59:47 IST" name="setup" finished-at="2022-03-20T12:59:50 IST" duration-ms="2947" status="PASS">
          <params>
            <param index="0">
              <value>
                <![CDATA[public void testcases.LoginTest.LoginFailiureTest()]]>
              </value>
            </param>
          </params>
          <reporter-output>
          </reporter-output>
        </test-method> <!-- setup -->
        <test-method signature="LoginFailiureTest()[pri:0, instance:testcases.LoginTest@6e0f5f7f]" started-at="2022-03-20T12:59:50 IST" name="LoginFailiureTest" finished-at="2022-03-20T12:59:50 IST" duration-ms="398" status="PASS">
          <reporter-output>
          </reporter-output>
        </test-method> <!-- LoginFailiureTest -->
        <test-method is-config="true" signature="teardown()[pri:0, instance:testcases.LoginTest@6e0f5f7f]" started-at="2022-03-20T12:59:50 IST" name="teardown" finished-at="2022-03-20T12:59:51 IST" duration-ms="743" status="PASS">
          <reporter-output>
          </reporter-output>
        </test-method> <!-- teardown -->
        <test-method is-config="true" signature="setup(java.lang.reflect.Method)[pri:0, instance:testcases.LoginTest@6e0f5f7f]" started-at="2022-03-20T12:59:51 IST" name="setup" finished-at="2022-03-20T12:59:53 IST" duration-ms="1580" status="PASS">
          <params>
            <param index="0">
              <value>
                <![CDATA[public void testcases.LoginTest.LoginSucessTest()]]>
              </value>
            </param>
          </params>
          <reporter-output>
          </reporter-output>
        </test-method> <!-- setup -->
        <test-method signature="LoginSucessTest()[pri:0, instance:testcases.LoginTest@6e0f5f7f]" started-at="2022-03-20T12:59:53 IST" name="LoginSucessTest" finished-at="2022-03-20T12:59:53 IST" duration-ms="349" status="PASS">
          <reporter-output>
          </reporter-output>
        </test-method> <!-- LoginSucessTest -->
        <test-method is-config="true" signature="teardown()[pri:0, instance:testcases.LoginTest@6e0f5f7f]" started-at="2022-03-20T12:59:53 IST" name="teardown" finished-at="2022-03-20T12:59:54 IST" duration-ms="727" status="PASS">
          <reporter-output>
          </reporter-output>
        </test-method> <!-- teardown -->
        <test-method is-config="true" signature="DataTearDown()[pri:0, instance:testcases.LoginTest@6e0f5f7f]" started-at="2022-03-20T12:59:54 IST" name="DataTearDown" finished-at="2022-03-20T12:59:54 IST" duration-ms="319" status="PASS">
          <reporter-output>
          </reporter-output>
        </test-method> <!-- DataTearDown -->
      </class> <!-- testcases.LoginTest -->
    </test> <!-- Default test -->
  </suite> <!-- Default suite -->
</testng-results>
